
> relay-backend@1.0.0 dev
> tsx watch src/server.ts

node:internal/modules/cjs/loader:1225
  const err = new Error(message);
              ^

Error: Cannot find module 'fs-extra'
Require stack:
- /Users/nicholascandello/Desktop/ramp-intern-hackathon/backend/src/lib/chromeProfileSync.ts
- /Users/nicholascandello/Desktop/ramp-intern-hackathon/backend/src/lib/warmPool.ts
- /Users/nicholascandello/Desktop/ramp-intern-hackathon/backend/src/routes/agents.ts
- /Users/nicholascandello/Desktop/ramp-intern-hackathon/backend/src/server.ts
    at Module._resolveFilename (node:internal/modules/cjs/loader:1225:15)
    at nextResolveSimple (/Users/nicholascandello/Desktop/ramp-intern-hackathon/backend/node_modules/.pnpm/tsx@4.21.0/node_modules/tsx/dist/register-D46fvsV_.cjs:4:1004)
    at /Users/nicholascandello/Desktop/ramp-intern-hackathon/backend/node_modules/.pnpm/tsx@4.21.0/node_modules/tsx/dist/register-D46fvsV_.cjs:3:2630
    at /Users/nicholascandello/Desktop/ramp-intern-hackathon/backend/node_modules/.pnpm/tsx@4.21.0/node_modules/tsx/dist/register-D46fvsV_.cjs:3:1542
    at resolveTsPaths (/Users/nicholascandello/Desktop/ramp-intern-hackathon/backend/node_modules/.pnpm/tsx@4.21.0/node_modules/tsx/dist/register-D46fvsV_.cjs:4:760)
    at /Users/nicholascandello/Desktop/ramp-intern-hackathon/backend/node_modules/.pnpm/tsx@4.21.0/node_modules/tsx/dist/register-D46fvsV_.cjs:4:1102
    at m._resolveFilename (file:///Users/nicholascandello/Desktop/ramp-intern-hackathon/backend/node_modules/.pnpm/tsx@4.21.0/node_modules/tsx/dist/register-B7jrtLTO.mjs:1:789)
    at Module._load (node:internal/modules/cjs/loader:1051:27)
    at Module.require (node:internal/modules/cjs/loader:1311:19)
    at require (node:internal/modules/helpers:179:18) {
  code: 'MODULE_NOT_FOUND',
  requireStack: [
    '/Users/nicholascandello/Desktop/ramp-intern-hackathon/backend/src/lib/chromeProfileSync.ts',
    '/Users/nicholascandello/Desktop/ramp-intern-hackathon/backend/src/lib/warmPool.ts',
    '/Users/nicholascandello/Desktop/ramp-intern-hackathon/backend/src/routes/agents.ts',
    '/Users/nicholascandello/Desktop/ramp-intern-hackathon/backend/src/server.ts'
  ]
}

Node.js v20.17.0
